c:\users\іван\source\repos\itstep\c_plus_plus\project34\project34\x64\debug\vc143.pdb
c:\users\іван\source\repos\itstep\c_plus_plus\project34\project34\x64\debug\vc143.idb
c:\users\іван\source\repos\itstep\c_plus_plus\project34\project34\x64\debug\wolf.obj
c:\users\іван\source\repos\itstep\c_plus_plus\project34\project34\x64\debug\studentemployee.obj
c:\users\іван\source\repos\itstep\c_plus_plus\project34\project34\x64\debug\student.obj
c:\users\іван\source\repos\itstep\c_plus_plus\project34\project34\x64\debug\project34.obj
c:\users\іван\source\repos\itstep\c_plus_plus\project34\project34\x64\debug\person.obj
c:\users\іван\source\repos\itstep\c_plus_plus\project34\project34\x64\debug\lion.obj
c:\users\іван\source\repos\itstep\c_plus_plus\project34\project34\x64\debug\employee.obj
c:\users\іван\source\repos\itstep\c_plus_plus\project34\project34\x64\debug\animal.obj
c:\users\іван\source\repos\itstep\c_plus_plus\project34\x64\debug\project34.exe
c:\users\іван\source\repos\itstep\c_plus_plus\project34\x64\debug\project34.pdb
c:\users\іван\source\repos\itstep\c_plus_plus\project34\project34\x64\debug\project34.ilk
c:\users\іван\source\repos\itstep\c_plus_plus\project34\project34\x64\debug\project34.tlog\cl.command.1.tlog
c:\users\іван\source\repos\itstep\c_plus_plus\project34\project34\x64\debug\project34.tlog\cl.items.tlog
c:\users\іван\source\repos\itstep\c_plus_plus\project34\project34\x64\debug\project34.tlog\cl.read.1.tlog
c:\users\іван\source\repos\itstep\c_plus_plus\project34\project34\x64\debug\project34.tlog\cl.write.1.tlog
c:\users\іван\source\repos\itstep\c_plus_plus\project34\project34\x64\debug\project34.tlog\link.command.1.tlog
c:\users\іван\source\repos\itstep\c_plus_plus\project34\project34\x64\debug\project34.tlog\link.read.1.tlog
c:\users\іван\source\repos\itstep\c_plus_plus\project34\project34\x64\debug\project34.tlog\link.secondary.1.tlog
c:\users\іван\source\repos\itstep\c_plus_plus\project34\project34\x64\debug\project34.tlog\link.write.1.tlog
